2024-02-09 01:07:06,431 - INFO - -----test_case_001_validate_Cart_button-----
2024-02-09 01:07:06,432 - INFO - -----Verifying Cart Page------
2024-02-09 01:07:07,664 - INFO - -----test case 001 is Passed------
2024-02-09 01:07:12,978 - INFO - -----test_case_002_validate_add_to_cart_button-----
2024-02-09 01:07:12,978 - INFO - -------------------Verifying------------------
2024-02-09 01:07:16,521 - INFO - -----test case 002 is Passed------
2024-02-09 01:07:21,529 - INFO - -----test_case_003_validate_delete_the_product_button-----
2024-02-09 01:07:21,529 - INFO - -------------------Verifying------------------
2024-02-09 01:07:33,890 - INFO - -----test_case_004_validate_place_order_button-----
2024-02-09 01:07:33,898 - INFO - -----Verifying Place order button-------
2024-02-09 01:07:35,154 - INFO - -----test case 004 is Passed------
2024-02-09 01:07:39,940 - INFO - -----test_case_005_validate_place_order_and_set_all_fields_with_adding_product-----
2024-02-09 01:07:39,940 - INFO - -------------------Verifying------------------
2024-02-09 01:07:46,992 - INFO - -----test case 005 is Passed------
2024-02-09 01:07:52,663 - INFO - -----test_case_006_validate_place_order_and_set_all_fields_without_adding_product-----
2024-02-09 01:07:52,663 - INFO - -------------------Verifying------------------
2024-02-09 01:07:54,841 - INFO - -----test case 006 is Passed------
2024-02-09 01:08:00,469 - INFO - -----test_case_007_validate_place_order_and_set_no_name_and_with_adding_product-----
2024-02-09 01:08:00,470 - INFO - -------------------Verifying------------------
2024-02-09 01:08:06,477 - INFO - -----test case 007 is Passed------
2024-02-09 01:08:13,189 - INFO - -----test_case_008_validate_place_order_and_set_no_name_and_without_adding_product-----
2024-02-09 01:08:13,189 - INFO - -------------------Verifying------------------
2024-02-09 01:08:15,212 - INFO - -----test case 008 is Passed------
2024-02-09 01:08:20,670 - INFO - -----test_case_009_validate_place_order_and_set_no_country_and_with_adding_product-----
2024-02-09 01:08:20,671 - INFO - -------------------Verifying------------------
2024-02-09 01:08:26,887 - INFO - -----test case 009 is Passed------
2024-02-09 01:08:32,517 - INFO - -----test_case_010_validate_place_order_and_set_no_country_and_without_adding_product-----
2024-02-09 01:08:32,518 - INFO - -------------------Verifying------------------
2024-02-09 01:08:34,344 - INFO - -----test case 010 is Passed------
2024-02-09 01:08:39,884 - INFO - -----test_case_011_validate_place_order_and_set_no_city_and_with_adding_product-----
2024-02-09 01:08:39,885 - INFO - -------------------Verifying------------------
2024-02-09 01:08:45,937 - INFO - -----test case 011 is Passed------
2024-02-09 01:08:51,557 - INFO - -----test_case_012_validate_place_order_and_set_no_city_and_without_adding_product-----
2024-02-09 01:08:51,558 - INFO - -------------------Verifying------------------
2024-02-09 01:08:53,895 - INFO - -----test case 012 is Passed------
2024-02-09 01:08:59,249 - INFO - -----test_case_013_validate_place_order_and_set_no_credit_card_and_with_adding_product-----
2024-02-09 01:08:59,249 - INFO - -------------------Verifying------------------
2024-02-09 01:09:05,383 - INFO - -----test case 013 is Passed------
2024-02-09 01:09:10,766 - INFO - -----test_case_014_validate_place_order_and_set_no_country_and_without_adding_product-----
2024-02-09 01:09:10,767 - INFO - -------------------Verifying------------------
2024-02-09 01:09:12,969 - INFO - -----test case 014 is Passed------
2024-02-09 01:09:18,482 - INFO - -----test_case_015_validate_place_order_and_set_no_month_and_with_adding_product-----
2024-02-09 01:09:18,487 - INFO - -------------------Verifying------------------
2024-02-09 01:09:24,309 - INFO - -----test case 015 is Passed------
2024-02-09 01:09:29,338 - INFO - -----test_case_016_validate_place_order_and_set_no_month_and_without_adding_product-----
2024-02-09 01:09:29,339 - INFO - -------------------Verifying------------------
2024-02-09 01:09:31,650 - INFO - -----test case 016 is Passed------
2024-02-09 01:09:36,823 - INFO - -----test_case_017_validate_place_order_and_set_no_year_and_with_adding_product-----
2024-02-09 01:09:36,823 - INFO - -------------------Verifying------------------
2024-02-09 01:09:42,366 - INFO - -----test case 017 is Passed------
2024-02-09 01:09:47,462 - INFO - -----test_case_018_validate_place_order_and_set_no_year_and_without_adding_product-----
2024-02-09 01:09:47,462 - INFO - -------------------Verifying------------------
2024-02-09 01:09:49,555 - INFO - -----test case 018 is Passed------
2024-02-09 01:09:54,787 - INFO - -----test_case_019_validate_place_order_and_not_setting_any_field_and_with_adding_product-----
2024-02-09 01:09:54,788 - INFO - -------------------Verifying------------------
2024-02-09 01:10:00,478 - INFO - -----test case 019 is Passed------
2024-02-09 01:10:05,549 - INFO - -----test_case_018_validate_place_order_and_not_setting_any_field_and_without_adding_product-----
2024-02-09 01:10:05,549 - INFO - -------------------Verifying------------------
2024-02-09 01:10:07,504 - INFO - -----test case 020 is Passed------
2024-02-09 01:10:12,626 - INFO - -----test_case_021_validate_click_on_place_order_x_mark-----
2024-02-09 01:10:12,627 - INFO - -----Verifying Place order form x mark button-------
2024-02-09 01:10:13,626 - INFO - -----test case 021 is Passed------
2024-02-09 01:10:18,411 - INFO - -----test_case_022_validate_close_button_and_set_all_fields-----
2024-02-09 01:10:18,412 - INFO - -----Verifying Place order form x mark button-------
2024-02-09 01:10:20,529 - INFO - -----test case 022 is Passed------
