2024-02-08 14:08:41,259 - INFO - -----test_case_001_validate_login_with_valid_username_valid_password-----------
2024-02-08 14:08:41,261 - INFO - -----Verifying Login functionality--------
2024-02-08 14:08:42,893 - INFO - ----------Login with valid username and valid password is Passed---------
2024-02-08 14:08:48,862 - INFO - -----test_case_002_validate_login_with_valid_username_invalid_password-----------
2024-02-08 14:08:48,862 - INFO - -----Verifying Login functionality--------
2024-02-08 14:08:51,123 - INFO - ----------Login with valid username and invalid password is Passed--------------
2024-02-08 14:08:56,245 - INFO - -----test_case_003_validate_login_with_valid_username_password_with_spl_chars-----------
2024-02-08 14:08:56,249 - INFO - -----Verifying Login functionality--------
2024-02-08 14:08:58,299 - INFO - --------Login with valid username and password with spl chars is Passed-----------
2024-02-08 14:09:03,427 - INFO - -----test_case_004_validate_login_with_valid_username_password_with_numbers-----------
2024-02-08 14:09:03,427 - INFO - -----Verifying Login functionality--------
2024-02-08 14:09:05,402 - INFO - ---------Login with valid username and password with numbers is Passed--------------
2024-02-08 14:09:10,316 - INFO - -----test_case_005_validate_login_with_valid_username_password_with_space-----------
2024-02-08 14:09:10,316 - INFO - -----Verifying Login functionality--------
2024-02-08 14:09:12,322 - INFO - ----------Login with valid username and password with space is Passed--------------
2024-02-08 14:09:17,073 - INFO - -----test_case_006_validate_login_with_valid_username_no_password-----------
2024-02-08 14:09:17,073 - INFO - -----Verifying Login functionality--------
2024-02-08 14:09:17,986 - INFO - ----------Login with valid username and no password is Passed--------------
2024-02-08 14:09:22,945 - INFO - -----test_case_007_validate_login_with_invalid_username_valid_password-----------
2024-02-08 14:09:22,945 - INFO - -----Verifying Login functionality--------
2024-02-08 14:09:24,825 - INFO - ----------Login with invalid username and valid password is Passed--------------
2024-02-08 14:09:29,620 - INFO - -----test_case_008_validate_login_invalid_username_and_invalid_password-----------
2024-02-08 14:09:29,620 - INFO - -----Verifying Login functionality--------
2024-02-08 14:09:31,578 - INFO - ----------Login  with invalid username and invalid password is Passed--------------
2024-02-08 14:09:36,607 - INFO - -----test_case_009_validate_login_with_invalid_username_and_password_with_spl_chars-----------
2024-02-08 14:09:36,608 - INFO - -----Verifying Login functionality--------
2024-02-08 14:09:38,585 - INFO - --------Login with invalid username and password with spl chars is Passed------------
2024-02-08 14:09:43,406 - INFO - -----test_case_010_validate_login_invalid_username_and_password_with_numbers-----------
2024-02-08 14:09:43,406 - INFO - -----Verifying Login functionality--------
2024-02-08 14:09:45,327 - INFO - --------Login with invalid username and password with numbers is Passed-----------
2024-02-08 14:09:50,216 - INFO - -----test_case_011_validate_login_with_valid_username_and_password_with_space-----------
2024-02-08 14:09:50,216 - INFO - -----Verifying Login functionality--------
2024-02-08 14:09:52,247 - INFO - ----------Login with invalid username and password with space is Passed--------------
2024-02-08 14:09:57,037 - INFO - -----test_case_012_validate_login_with_invalid_username_and_no_password-----------
2024-02-08 14:09:57,038 - INFO - -----Verifying Login functionality--------
2024-02-08 14:09:58,006 - INFO - ----------Login with invalid username and no password is Passed--------------
2024-02-08 14:10:03,263 - INFO - -----test_case_013_validate_login_with_username_with_space_and_valid_password-----------
2024-02-08 14:10:03,263 - INFO - -----Verifying Login functionality--------
2024-02-08 14:10:05,270 - INFO - ----------Login username with space and valid password is Passed--------------
2024-02-08 14:10:10,366 - INFO - -----test_case_014_validate_login_with_username_with_invalid_password-----------
2024-02-08 14:10:10,367 - INFO - -----Verifying Login functionality--------
2024-02-08 14:10:12,407 - INFO - ----------Login username with space and invalid password is Passed--------------
2024-02-08 14:10:17,405 - INFO - -----test_case_015_validate_login_with_username_with_space_and_password_with_spl_chars---------
2024-02-08 14:10:17,405 - INFO - -----Verifying Login functionality--------
2024-02-08 14:10:19,291 - INFO - -------Login username with space and password with spl chars is Passed------------
2024-02-08 14:10:24,446 - INFO - -----test_case_016_validate_login_with_username_with_space_and_password_with_numbers-----------
2024-02-08 14:10:24,448 - INFO - -----Verifying Login functionality--------
2024-02-08 14:10:26,500 - INFO - ----------Login username with space and password with numbers is Passed--------------
2024-02-08 14:10:31,488 - INFO - -----test_case_017_validate_login_with_username_with_space_and_password_with_space-----------
2024-02-08 14:10:31,488 - INFO - -----Verifying Login functionality--------
2024-02-08 14:10:33,547 - INFO - ----------Login username with space and password with space is Passed--------------
2024-02-08 14:10:38,559 - INFO - -----test_case_018_validate_login_with_username_with_space_and_no_password-----------
2024-02-08 14:10:38,559 - INFO - -----Verifying Login functionality--------
2024-02-08 14:10:39,473 - INFO - ----------Login username with space and no password is Passed--------------
2024-02-08 14:10:44,587 - INFO - -----test_case_019_validate_login_username_with_spl_chars_and_valid_password-----------
2024-02-08 14:10:44,587 - INFO - -----Verifying Login functionality--------
2024-02-08 14:10:46,542 - INFO - -------Login username with spl chars and valid password is Passed-----------
2024-02-08 14:10:51,570 - INFO - -----test_case_020_validate_login_username_with_spl_chars_and_invalid_password-----------
2024-02-08 14:10:51,571 - INFO - -----Verifying Login functionality--------
2024-02-08 14:10:53,440 - INFO - ----------Login username with spl chars and invalid password is Passed---------
2024-02-08 14:10:58,237 - INFO - -----test_case_021_validate_login_username_with_spl_chars_and_password_with_spl_chars-----------
2024-02-08 14:10:58,238 - INFO - -----Verifying Login functionality--------
2024-02-08 14:11:00,162 - INFO - -------Login username with spl chars and password with spl chars is Passed-----
2024-02-08 14:11:04,927 - INFO - -----test_case_022_validate_login_username_with_spl_chars_and_password_with_numbers-----------
2024-02-08 14:11:04,928 - INFO - -----Verifying Login functionality--------
2024-02-08 14:11:06,871 - INFO - -----Login username with spl chars and password with numbers is Passed---------
2024-02-08 14:11:11,865 - INFO - -----test_case_023_validate_login_username_with_spl_chars_and_password_with_space-----------
2024-02-08 14:11:11,865 - INFO - -----Verifying Login functionality--------
2024-02-08 14:11:13,780 - INFO - -----Login username with spl chars and password with space is Passed---------
2024-02-08 14:11:19,015 - INFO - -----test_case_024_validate_login_username_with_spl_chars_and_no_password-----------
2024-02-08 14:11:19,015 - INFO - -----Verifying Login functionality--------
2024-02-08 14:11:20,017 - INFO - ----------Login username with space and no password is Passed--------------
2024-02-08 14:11:25,062 - INFO - -----test_case_025_validate_login_username_with_numbers_and_valid_password-----------
2024-02-08 14:11:25,063 - INFO - -----Verifying Login functionality--------
2024-02-08 14:11:27,035 - INFO - -----Login username with numbers and valid password is Passed---------
2024-02-08 14:11:32,069 - INFO - -----test_case_026_validate_login_username_with_numbers_and_invalid_password-----------
2024-02-08 14:11:32,069 - INFO - -----Verifying Login functionality--------
2024-02-08 14:11:34,032 - INFO - -----Login username with numbers and invalid password is Passed---------
2024-02-08 14:11:38,780 - INFO - -----test_case_027_validate_login_username_with_numbers_and_password_with_spl_chars-----------
2024-02-08 14:11:38,781 - INFO - -----Verifying Login functionality--------
2024-02-08 14:11:40,697 - INFO - -----Login username with numbers and password with spl chars is Passed---------
2024-02-08 14:11:45,610 - INFO - -----test_case_028_validate_login_username_with_numbers_and_password_with_numbers-----------
2024-02-08 14:11:45,610 - INFO - -----Verifying Login functionality--------
2024-02-08 14:11:47,499 - INFO - -----Login username with numbers and password with numbers is Passed---------
2024-02-08 14:11:52,296 - INFO - -----test_case_029_validate_login_username_with_numbers_and_password_with_space-----------
2024-02-08 14:11:52,297 - INFO - -----Verifying Login functionality--------
2024-02-08 14:11:53,053 - INFO - -----Login username with numbers and password with space is Passed---------
2024-02-08 14:11:59,736 - INFO - -----test_case_030_validate_login_username_with_numbers_and_no_password-----------
2024-02-08 14:11:59,736 - INFO - -----Verifying Login functionality--------
2024-02-08 14:12:00,577 - INFO - -----Login username with numbers and no password is Passed---------
2024-02-08 14:12:05,314 - INFO - -----test_case_031_validate_login_with_no_username_and_valid_password-----------
2024-02-08 14:12:05,314 - INFO - -----Verifying Login functionality--------
2024-02-08 14:12:06,218 - INFO - -----Login with no username and valid password is Passed---------
2024-02-08 14:12:10,992 - INFO - -----test_case_032_validate_login_with_no_username_and_invalid_password-----------
2024-02-08 14:12:10,993 - INFO - -----Verifying Login functionality--------
2024-02-08 14:12:11,781 - INFO - -----Login with no username and invalid password is Passed---------
2024-02-08 14:12:16,626 - INFO - -----test_case_033_validate_login_with_no_username_and_password_with_spl_chars-----------
2024-02-08 14:12:16,627 - INFO - -----Verifying Login functionality--------
2024-02-08 14:12:17,556 - INFO - -----Login with no username and password with spl chars is Passed---------
2024-02-08 14:12:23,596 - INFO - -----test_case_034_validate_login_with_no_username_and_password_with_numbers-----------
2024-02-08 14:12:23,596 - INFO - -----Verifying Login functionality--------
2024-02-08 14:12:24,335 - INFO - -----Login with no username and password with numbers is Passed---------
2024-02-08 14:12:29,216 - INFO - -----test_case_035_validate_login_with_no_username_and_password_with_space-----------
2024-02-08 14:12:29,217 - INFO - -----Verifying Login functionality--------
2024-02-08 14:12:30,190 - INFO - -----Login with no username and password with space is Passed---------
2024-02-08 14:12:35,160 - INFO - -----test_case_036_validate_login_with_no_username_and_no_password-----------
2024-02-08 14:12:35,161 - INFO - -----Verifying Login functionality--------
2024-02-08 14:12:35,992 - INFO - -----Login with no username and no password is Passed---------
2024-02-08 14:12:40,853 - INFO - -----test_case_037_validate_logout_button-----------
2024-02-08 14:12:40,854 - INFO - -----Verifying Logout functionality--------
