2024-02-09 23:46:54,516 - INFO - -----test_cse_001_validate_sign_up_button------
2024-02-09 23:46:54,517 - INFO - -----Verifying Sign Up Page------
2024-02-09 23:46:55,350 - INFO - -----test case 001 is Passed------
2024-02-09 23:47:00,357 - INFO - -----test_case_002_validate_sign_up_with_valid_username_valid_password------
2024-02-09 23:47:00,357 - INFO - -----Verifying Sign Up Page------
2024-02-09 23:47:02,077 - INFO - --------test case 002 is Passed---------
2024-02-09 23:47:07,093 - INFO - -----test_case_003_validate_sign_up_with_invalid_username_invalid_password------
2024-02-09 23:47:07,093 - INFO - -----Verifying Sign Up Page------
2024-02-09 23:47:08,906 - INFO - --------test case 003 is Passed---------
2024-02-09 23:47:13,805 - INFO - -----test_case_004_validate_sign_up_username_with_space_and_password_with_space------
2024-02-09 23:47:13,805 - INFO - -----Verifying Sign Up Page------
2024-02-09 23:47:15,713 - INFO - --------test case 004 is Passed---------
2024-02-09 23:47:20,842 - INFO - -----test_case_005_validate_sign_up_username_with_spl_chars_and_password_with_spl_chars------
2024-02-09 23:47:20,842 - INFO - -----Verifying Sign Up Page------
2024-02-09 23:47:22,600 - INFO - --------test case 005 is Passed---------
2024-02-09 23:47:27,398 - INFO - -----test_case_006_validate_sign_up_username_with_numbers_and_password_with_numbers------
2024-02-09 23:47:27,398 - INFO - -----Verifying Sign Up Page------
2024-02-09 23:47:29,134 - INFO - --------test case 006 is Passed---------
2024-02-09 23:47:34,295 - INFO - -----test_case_007_validate_sign_up_with_no_username_and_no_password------
2024-02-09 23:47:34,296 - INFO - -----Verifying Sign Up Page------
2024-02-09 23:47:34,851 - INFO - --------test case 007 is Passed---------
2024-02-09 23:47:39,797 - INFO - -----test_cse_008_validate_clicking_on_sign_up_close_button------
2024-02-09 23:47:39,797 - INFO - -----Verifying Sign Up Page------
2024-02-09 23:47:40,166 - INFO - --------test case 008 is Passed---------
2024-02-09 23:47:45,272 - INFO - -----test_cse_009_validate_clicking_on_sign_up_x_mark------
2024-02-09 23:47:45,273 - INFO - -----Verifying Sign Up Page------
2024-02-09 23:47:45,590 - INFO - --------test case 009 is Passed---------
